app/build/outputs/mapping/release/mapping.txt
org.jefferyemanuel.mainStuff.DiskLruImageCache -> org.jefferyemanuel.mainStuff.a:
    com.jakewharton.disklrucache.DiskLruCache mDiskCache -> a
    android.graphics.Bitmap$CompressFormat mCompressFormat -> b
    int mCompressQuality -> c
    android.content.Context context -> d
    void <init>(android.content.Context,java.lang.String,int,android.graphics.Bitmap$CompressFormat,int) -> <init>
    boolean writeBitmapToFile(android.graphics.Bitmap,com.jakewharton.disklrucache.DiskLruCache$Editor) -> a
    java.io.File getDiskCacheDir(android.content.Context,java.lang.String) -> a
    void put(java.lang.String,android.graphics.Bitmap) -> a
    android.graphics.Bitmap getBitmap(java.lang.String,android.widget.ImageView) -> a
    android.content.Context access$000(org.jefferyemanuel.mainStuff.DiskLruImageCache) -> a
org.jefferyemanuel.mainStuff.DiskLruImageCache$1 -> org.jefferyemanuel.mainStuff.a$1:
    java.lang.String val$key -> a
    android.widget.ImageView val$imageView -> b
    java.lang.String val$safeKey -> c
    org.jefferyemanuel.mainStuff.DiskLruImageCache this$0 -> d
    void <init>(org.jefferyemanuel.mainStuff.DiskLruImageCache,java.lang.String,android.widget.ImageView,java.lang.String) -> <init>
    void run() -> run
org.jefferyemanuel.mainStuff.DiskLruImageCache$1$1 -> org.jefferyemanuel.mainStuff.a$1$1:
    android.graphics.Bitmap val$b -> a
    org.jefferyemanuel.mainStuff.DiskLruImageCache$1 this$1 -> b
    void <init>(org.jefferyemanuel.mainStuff.DiskLruImageCache$1,android.graphics.Bitmap) -> <init>
    void run() -> run
org.jefferyemanuel.mainStuff.JSONParser -> org.jefferyemanuel.mainStuff.b:
    java.io.InputStream is -> a
    android.content.Context context -> b
    void <init>(android.content.Context) -> <init>
    org.json.JSONObject getJSONFromUrl(java.lang.String) -> a
    java.util.ArrayList parseJsonRedits(org.json.JSONObject) -> a
    java.util.ArrayList parseJsonReditGroups(org.json.JSONObject) -> b
    java.lang.String concatString(java.lang.String,java.lang.String,java.lang.String) -> a
    void <clinit>() -> <clinit>
org.jefferyemanuel.mainStuff.MainActivity -> org.jefferyemanuel.mainStuff.MainActivity:
    org.jefferyemanuel.mainStuff.DiskLruImageCache imageDiskCache -> a
    android.app.ProgressDialog pdialog -> b
    android.widget.ListAdapter mAdapter -> c
    android.widget.ListView mListview -> d
    android.widget.SearchView mSearchView -> e
    void <init>() -> <init>
    void onCreate(android.os.Bundle) -> onCreate
    boolean onCreateOptionsMenu(android.view.Menu) -> onCreateOptionsMenu
    void onNewIntent(android.content.Intent) -> onNewIntent
    boolean onQueryTextChange(java.lang.String) -> onQueryTextChange
    boolean onQueryTextSubmit(java.lang.String) -> onQueryTextSubmit
    void showErrorDialog(java.lang.String) -> a
    void onPreExecute() -> a
    void onPostExecute(java.util.ArrayList) -> a
    void onItemClick(android.widget.AdapterView,android.view.View,int,long) -> onItemClick
org.jefferyemanuel.mainStuff.MyDialogFragment -> org.jefferyemanuel.mainStuff.c:
    android.content.Context mContext -> a
    void <init>(android.content.Context) -> <init>
    void <init>() -> <init>
    org.jefferyemanuel.mainStuff.MyDialogFragment newInstance(android.content.Context) -> a
    void onCreate(android.os.Bundle) -> onCreate
    android.app.Dialog onCreateDialog(android.os.Bundle) -> onCreateDialog
    void onClick(android.content.DialogInterface,int) -> onClick
...
com.jakewharton.disklrucache.DiskLruCache$1 -> a.a.a.a$1:
    com.jakewharton.disklrucache.DiskLruCache this$0 -> a
    void <init>(com.jakewharton.disklrucache.DiskLruCache) -> <init>
    java.lang.Void call() -> a
    java.lang.Object call() -> call
com.jakewharton.disklrucache.DiskLruCache$2 -> a.a.a.a$2:
    void <init>() -> <init>
    void write(int) -> write
com.jakewharton.disklrucache.DiskLruCache$Editor -> a.a.a.a$a:
    com.jakewharton.disklrucache.DiskLruCache$Entry entry -> b
    boolean[] written -> c
    boolean hasErrors -> d
    boolean committed -> e
    com.jakewharton.disklrucache.DiskLruCache this$0 -> a
    void <init>(com.jakewharton.disklrucache.DiskLruCache,com.jakewharton.disklrucache.DiskLruCache$Entry) -> <init>
    java.io.OutputStream newOutputStream(int) -> a
    void commit() -> a
    void abort() -> b
    void <init>(com.jakewharton.disklrucache.DiskLruCache,com.jakewharton.disklrucache.DiskLruCache$Entry,com.jakewharton.disklrucache.DiskLruCache$1) -> <init>
    com.jakewharton.disklrucache.DiskLruCache$Entry access$1400(com.jakewharton.disklrucache.DiskLruCache$Editor) -> a
    boolean[] access$1500(com.jakewharton.disklrucache.DiskLruCache$Editor) -> b
    boolean access$2302(com.jakewharton.disklrucache.DiskLruCache$Editor,boolean) -> a
com.jakewharton.disklrucache.DiskLruCache$Editor$FaultHidingOutputStream -> a.a.a.a$a$a:
    com.jakewharton.disklrucache.DiskLruCache$Editor this$1 -> a
    void <init>(com.jakewharton.disklrucache.DiskLruCache$Editor,java.io.OutputStream) -> <init>
    void write(int) -> write
    void write(byte[],int,int) -> write
    void close() -> close
    void flush() -> flush
    void <init>(com.jakewharton.disklrucache.DiskLruCache$Editor,java.io.OutputStream,com.jakewharton.disklrucache.DiskLruCache$1) -> <init>
com.jakewharton.disklrucache.DiskLruCache$Entry -> a.a.a.a$b:
    java.lang.String key -> b
    long[] lengths -> c
    boolean readable -> d
    com.jakewharton.disklrucache.DiskLruCache$Editor currentEditor -> e
    long sequenceNumber -> f
    com.jakewharton.disklrucache.DiskLruCache this$0 -> a
    void <init>(com.jakewharton.disklrucache.DiskLruCache,java.lang.String) -> <init>
    java.lang.String getLengths() -> a
    void setLengths(java.lang.String[]) -> a
    java.io.IOException invalidLengths(java.lang.String[]) -> b
    java.io.File getCleanFile(int) -> a
    java.io.File getDirtyFile(int) -> b
    void <init>(com.jakewharton.disklrucache.DiskLruCache,java.lang.String,com.jakewharton.disklrucache.DiskLruCache$1) -> <init>
    boolean access$602(com.jakewharton.disklrucache.DiskLruCache$Entry,boolean) -> a
    com.jakewharton.disklrucache.DiskLruCache$Editor access$702(com.jakewharton.disklrucache.DiskLruCache$Entry,com.jakewharton.disklrucache.DiskLruCache$Editor) -> a
    void access$800(com.jakewharton.disklrucache.DiskLruCache$Entry,java.lang.String[]) -> a
    com.jakewharton.disklrucache.DiskLruCache$Editor access$700(com.jakewharton.disklrucache.DiskLruCache$Entry) -> a
    long[] access$1000(com.jakewharton.disklrucache.DiskLruCache$Entry) -> b
    java.lang.String access$1100(com.jakewharton.disklrucache.DiskLruCache$Entry) -> c
    boolean access$600(com.jakewharton.disklrucache.DiskLruCache$Entry) -> d
com.jakewharton.disklrucache.DiskLruCache$Snapshot -> a.a.a.a$c:
    java.lang.String key -> b
    long sequenceNumber -> c
    java.io.InputStream[] ins -> d
    long[] lengths -> e
    com.jakewharton.disklrucache.DiskLruCache this$0 -> a
    void <init>(com.jakewharton.disklrucache.DiskLruCache,java.lang.String,long,java.io.InputStream[],long[]) -> <init>
    java.io.InputStream getInputStream(int) -> a
    void close() -> close
    void <init>(com.jakewharton.disklrucache.DiskLruCache,java.lang.String,long,java.io.InputStream[],long[],com.jakewharton.disklrucache.DiskLruCache$1) -> <init>