app/build/outputs/mapping/release/usage.txt
org.jefferyemanuel.mainStuff.BuildConfig
org.jefferyemanuel.mainStuff.Consts
org.jefferyemanuel.mainStuff.DiskLruImageCache:
    private static final int APP_VERSION
    private static final int VALUE_COUNT
    private static final java.lang.String TAG
    188:201:public boolean containsKey(java.lang.String)
    210:214:public void clearCache()
    217:217:public java.io.File getCacheFolder()
org.jefferyemanuel.mainStuff.JSONParser:
    178:186:public void CreateAndSaveFile(java.lang.String,java.lang.String)
    193:217:public org.json.JSONObject ReadJsonData(java.lang.String)
org.jefferyemanuel.mainStuff.Linkifier
org.jefferyemanuel.mainStuff.Linkifier$InternalURLSpan
org.jefferyemanuel.mainStuff.MainActivity:
    180:180:public void onProgressUpdate(int)
    185:187:public void onCancelled()
org.jefferyemanuel.mainStuff.R
org.jefferyemanuel.mainStuff.R$attr
org.jefferyemanuel.mainStuff.R$color
org.jefferyemanuel.mainStuff.R$dimen
org.jefferyemanuel.mainStuff.R$drawable
org.jefferyemanuel.mainStuff.R$id
org.jefferyemanuel.mainStuff.R$layout
org.jefferyemanuel.mainStuff.R$menu
org.jefferyemanuel.mainStuff.R$string
org.jefferyemanuel.mainStuff.R$style
org.jefferyemanuel.mainStuff.R$xml
org.jefferyemanuel.mainStuff.Utils:
    19:19:private Utils()
    30:38:public static void hideKeyboard(android.app.Activity)
...
com.google.gson.DefaultDateTypeAdapter
com.google.gson.ExclusionStrategy
com.google.gson.FieldAttributes
com.google.gson.FieldNamingPolicy
com.google.gson.FieldNamingPolicy$1
com.google.gson.FieldNamingPolicy$2
com.google.gson.FieldNamingPolicy$3
com.google.gson.FieldNamingPolicy$4
com.google.gson.FieldNamingPolicy$5
com.google.gson.FieldNamingStrategy
com.google.gson.Gson
com.google.gson.Gson$1
com.google.gson.Gson$2
com.google.gson.Gson$3
com.google.gson.Gson$4
com.google.gson.Gson$5
com.google.gson.Gson$FutureTypeAdapter
com.google.gson.GsonBuilder
com.google.gson.InstanceCreator
com.google.gson.JsonArray
com.google.gson.JsonDeserializationContext
com.google.gson.JsonDeserializer
com.google.gson.JsonElement
com.google.gson.JsonIOException
com.google.gson.JsonNull
com.google.gson.JsonObject
com.google.gson.JsonParseException
com.google.gson.JsonParser
com.google.gson.JsonPrimitive
com.google.gson.JsonSerializationContext
com.google.gson.JsonSerializer
com.google.gson.JsonStreamParser
com.google.gson.JsonSyntaxException
com.google.gson.LongSerializationPolicy
com.google.gson.LongSerializationPolicy$1
com.google.gson.LongSerializationPolicy$2
com.google.gson.TreeTypeAdapter
com.google.gson.TreeTypeAdapter$1
com.google.gson.TreeTypeAdapter$SingleTypeFactory
com.google.gson.TypeAdapter
com.google.gson.TypeAdapter$1
com.google.gson.TypeAdapterFactory
com.google.gson.annotations.Expose
com.google.gson.annotations.SerializedName
com.google.gson.annotations.Since
com.google.gson.annotations.Until
com.google.gson.internal.$Gson$Preconditions
com.google.gson.internal.$Gson$Types
com.google.gson.internal.$Gson$Types$GenericArrayTypeImpl
com.google.gson.internal.$Gson$Types$ParameterizedTypeImpl
com.google.gson.internal.$Gson$Types$WildcardTypeImpl
com.google.gson.internal.ConstructorConstructor
com.google.gson.internal.ConstructorConstructor$1
com.google.gson.internal.ConstructorConstructor$10
com.google.gson.internal.ConstructorConstructor$11
com.google.gson.internal.ConstructorConstructor$12
com.google.gson.internal.ConstructorConstructor$2
com.google.gson.internal.ConstructorConstructor$3
com.google.gson.internal.ConstructorConstructor$4
com.google.gson.internal.ConstructorConstructor$5
com.google.gson.internal.ConstructorConstructor$6
com.google.gson.internal.ConstructorConstructor$7
com.google.gson.internal.ConstructorConstructor$8
com.google.gson.internal.ConstructorConstructor$9
com.google.gson.internal.Excluder
com.google.gson.internal.Excluder$1
com.google.gson.internal.JsonReaderInternalAccess
com.google.gson.internal.LazilyParsedNumber
com.google.gson.internal.LinkedTreeMap
com.google.gson.internal.LinkedTreeMap$1
com.google.gson.internal.LinkedTreeMap$EntrySet
com.google.gson.internal.LinkedTreeMap$EntrySet$1
com.google.gson.internal.LinkedTreeMap$KeySet
com.google.gson.internal.LinkedTreeMap$KeySet$1
com.google.gson.internal.LinkedTreeMap$LinkedTreeMapIterator
com.google.gson.internal.LinkedTreeMap$Node
com.google.gson.internal.ObjectConstructor
com.google.gson.internal.Primitives
com.google.gson.internal.Streams
com.google.gson.internal.Streams$1
com.google.gson.internal.Streams$AppendableWriter
com.google.gson.internal.Streams$AppendableWriter$CurrentWrite
com.google.gson.internal.UnsafeAllocator
com.google.gson.internal.UnsafeAllocator$1
com.google.gson.internal.UnsafeAllocator$2
com.google.gson.internal.UnsafeAllocator$3
com.google.gson.internal.UnsafeAllocator$4
com.google.gson.internal.bind.ArrayTypeAdapter
com.google.gson.internal.bind.ArrayTypeAdapter$1
com.google.gson.internal.bind.CollectionTypeAdapterFactory
com.google.gson.internal.bind.CollectionTypeAdapterFactory$Adapter
com.google.gson.internal.bind.DateTypeAdapter
com.google.gson.internal.bind.DateTypeAdapter$1
com.google.gson.internal.bind.JsonTreeReader
com.google.gson.internal.bind.JsonTreeReader$1
com.google.gson.internal.bind.JsonTreeWriter
com.google.gson.internal.bind.JsonTreeWriter$1
com.google.gson.internal.bind.MapTypeAdapterFactory